Build started 2014-11-18 11:05:53 AM.
     1>Project "C:\Users\Nicolas\Documents\GitHub\Travail-Pratique-Final\Travail Final\Travail Final\Travail Final.vcxproj" on node 2 (Rebuild target(s)).
     1>ClCompile:
         C:\Program Files (x86)\Microsoft Visual Studio 12.0\VC\bin\CL.exe /c /ZI /nologo /W3 /WX- /sdl /Od /Oy- /D _MBCS /Gm /EHsc /RTC1 /MDd /GS /fp:precise /Zc:wchar_t /Zc:forScope /Fo"Debug\\" /Fd"Debug\vc120.pdb" /Gd /TP /analyze- /errorReport:prompt main.cpp
         main.cpp
     1>c:\users\nicolas\documents\github\travail-pratique-final\travail final\travail final\cbutton.h(48): warning C4018: '<' : signed/unsigned mismatch
     1>c:\users\nicolas\documents\github\travail-pratique-final\travail final\travail final\cmenu.h(35): warning C4018: '<' : signed/unsigned mismatch
     1>c:\users\nicolas\documents\github\travail-pratique-final\travail final\travail final\cmap.h(169): warning C4018: '<' : signed/unsigned mismatch
     1>c:\users\nicolas\documents\github\travail-pratique-final\travail final\travail final\cgame.h(18): error C2039: 'VerifierCollisionMap' : is not a member of 'CMap'
                 c:\users\nicolas\documents\github\travail-pratique-final\travail final\travail final\cmap.h(12) : see declaration of 'CMap'
     1>c:\users\nicolas\documents\github\travail-pratique-final\travail final\travail final\cgame.h(18): error C3867: 'CMap::MapDestruction': function call missing argument list; use '&CMap::MapDestruction' to create a pointer to member
     1>c:\users\nicolas\documents\github\travail-pratique-final\travail final\travail final\cgame.h(18): error C2661: 'CTeam::CTeam' : no overloaded function takes 3 arguments
     1>c:\users\nicolas\documents\github\travail-pratique-final\travail final\travail final\cwindow.h(45): warning C4018: '<' : signed/unsigned mismatch
     1>c:\users\nicolas\documents\github\travail-pratique-final\travail final\travail final\cwindow.h(59): warning C4018: '<' : signed/unsigned mismatch
     1>c:\users\nicolas\documents\github\travail-pratique-final\travail final\travail final\cwindow.h(67): error C2065: 'strEmplacementFichier' : undeclared identifier
     1>c:\users\nicolas\documents\github\travail-pratique-final\travail final\travail final\main.cpp(376): warning C4244: 'argument' : conversion from 'time_t' to 'unsigned int', possible loss of data
     1>Done Building Project "C:\Users\Nicolas\Documents\GitHub\Travail-Pratique-Final\Travail Final\Travail Final\Travail Final.vcxproj" (Rebuild target(s)) -- FAILED.

Build FAILED.

Time Elapsed 00:00:01.82
